{
  "uid" : "82dd4531ff081bf3",
  "name" : "test_b",
  "fullName" : "testcase.test_dependency.TestDependency#test_b",
  "historyId" : "5ff27927ecafb8f2f45666bfa75c22b6",
  "time" : {
    "start" : 1603088064369,
    "stop" : 1603088064369,
    "duration" : 0
  },
  "status" : "failed",
  "statusMessage" : "AssertionError: assert False",
  "statusTrace" : "self = <mypytest.testcase.test_dependency.TestDependency object at 0x1042c35b0>\n\n    @pytest.mark.dependency(name='test_b')\n    def test_b(self):\n        print('test_b')\n>       assert False\nE       assert False\n\ntest_dependency.py:19: AssertionError",
  "flaky" : false,
  "newFailed" : false,
  "beforeStages" : [ {
    "name" : "begin",
    "time" : {
      "start" : 1603088064368,
      "stop" : 1603088064368,
      "duration" : 0
    },
    "status" : "passed",
    "steps" : [ ],
    "attachments" : [ ],
    "parameters" : [ ],
    "stepsCount" : 0,
    "attachmentsCount" : 0,
    "shouldDisplayMessage" : false,
    "hasContent" : false
  } ],
  "testStage" : {
    "status" : "failed",
    "statusMessage" : "AssertionError: assert False",
    "statusTrace" : "self = <mypytest.testcase.test_dependency.TestDependency object at 0x1042c35b0>\n\n    @pytest.mark.dependency(name='test_b')\n    def test_b(self):\n        print('test_b')\n>       assert False\nE       assert False\n\ntest_dependency.py:19: AssertionError",
    "steps" : [ ],
    "attachments" : [ {
      "uid" : "44dc1a2e4f24557e",
      "name" : "stdout",
      "source" : "44dc1a2e4f24557e.txt",
      "type" : "text/plain",
      "size" : 106
    } ],
    "parameters" : [ ],
    "stepsCount" : 0,
    "attachmentsCount" : 1,
    "shouldDisplayMessage" : true,
    "hasContent" : true
  },
  "afterStages" : [ {
    "name" : "begin::0",
    "time" : {
      "start" : 1603088064375,
      "stop" : 1603088064375,
      "duration" : 0
    },
    "status" : "passed",
    "steps" : [ ],
    "attachments" : [ ],
    "parameters" : [ ],
    "stepsCount" : 0,
    "attachmentsCount" : 0,
    "shouldDisplayMessage" : false,
    "hasContent" : false
  } ],
  "labels" : [ {
    "name" : "tag",
    "value" : "dependency(name='test_b')"
  }, {
    "name" : "parentSuite",
    "value" : "testcase"
  }, {
    "name" : "suite",
    "value" : "test_dependency"
  }, {
    "name" : "subSuite",
    "value" : "TestDependency"
  }, {
    "name" : "host",
    "value" : "Yiron.local"
  }, {
    "name" : "thread",
    "value" : "88523-MainThread"
  }, {
    "name" : "framework",
    "value" : "pytest"
  }, {
    "name" : "language",
    "value" : "cpython3"
  }, {
    "name" : "package",
    "value" : "testcase.test_dependency"
  }, {
    "name" : "resultFormat",
    "value" : "allure2"
  } ],
  "parameters" : [ ],
  "links" : [ ],
  "hidden" : false,
  "retry" : false,
  "extra" : {
    "severity" : "normal",
    "retries" : [ {
      "uid" : "90381fc13f47d6d2",
      "status" : "failed",
      "statusDetails" : "AssertionError: assert False",
      "time" : {
        "start" : 1603086315902,
        "stop" : 1603086315902,
        "duration" : 0
      }
    } ],
    "categories" : [ {
      "name" : "Product defects",
      "matchedStatuses" : [ ],
      "flaky" : false
    } ],
    "tags" : [ "dependency(name='test_b')" ]
  },
  "source" : "82dd4531ff081bf3.json",
  "parameterValues" : [ ]
}