{
  "uid" : "e5d019ebfcb25d57",
  "name" : "test_myadd[int]",
  "fullName" : "testcase.test_paracases.TestParacases#test_myadd",
  "historyId" : "e128684ffa761e98887330cdd55aa627",
  "time" : {
    "start" : 1603086316002,
    "stop" : 1603086316003,
    "duration" : 1
  },
  "status" : "failed",
  "statusMessage" : "AssertionError: assert 3.1 == (1 + 2)",
  "statusTrace" : "self = <mypytest.testcase.test_paracases.TestParacases object at 0x108088d00>, a = 1, b = 2, c = 3.1\n\n    @pytest.mark.parametrize(('a,b,c'),[\n        (1,2,3.1),\n        (4.3,5.3,9.6),\n        (-2,-4,-6)\n    ],ids=['int','float','minus'])\n    def test_myadd(self,a,b,c):\n>       assert c == a+b\nE       assert 3.1 == (1 + 2)\n\ntest_paracases.py:20: AssertionError",
  "flaky" : false,
  "newFailed" : false,
  "beforeStages" : [ {
    "name" : "begin",
    "time" : {
      "start" : 1603086316001,
      "stop" : 1603086316001,
      "duration" : 0
    },
    "status" : "passed",
    "steps" : [ ],
    "attachments" : [ ],
    "parameters" : [ ],
    "stepsCount" : 0,
    "attachmentsCount" : 0,
    "shouldDisplayMessage" : false,
    "hasContent" : false
  } ],
  "testStage" : {
    "status" : "failed",
    "statusMessage" : "AssertionError: assert 3.1 == (1 + 2)",
    "statusTrace" : "self = <mypytest.testcase.test_paracases.TestParacases object at 0x108088d00>, a = 1, b = 2, c = 3.1\n\n    @pytest.mark.parametrize(('a,b,c'),[\n        (1,2,3.1),\n        (4.3,5.3,9.6),\n        (-2,-4,-6)\n    ],ids=['int','float','minus'])\n    def test_myadd(self,a,b,c):\n>       assert c == a+b\nE       assert 3.1 == (1 + 2)\n\ntest_paracases.py:20: AssertionError",
    "steps" : [ ],
    "attachments" : [ {
      "uid" : "29383ca53a070f5d",
      "name" : "stdout",
      "source" : "29383ca53a070f5d.txt",
      "type" : "text/plain",
      "size" : 99
    } ],
    "parameters" : [ ],
    "stepsCount" : 0,
    "attachmentsCount" : 1,
    "shouldDisplayMessage" : true,
    "hasContent" : true
  },
  "afterStages" : [ {
    "name" : "begin::0",
    "time" : {
      "start" : 1603086316007,
      "stop" : 1603086316007,
      "duration" : 0
    },
    "status" : "passed",
    "steps" : [ ],
    "attachments" : [ ],
    "parameters" : [ ],
    "stepsCount" : 0,
    "attachmentsCount" : 0,
    "shouldDisplayMessage" : false,
    "hasContent" : false
  } ],
  "labels" : [ {
    "name" : "parentSuite",
    "value" : "testcase"
  }, {
    "name" : "suite",
    "value" : "test_paracases"
  }, {
    "name" : "subSuite",
    "value" : "TestParacases"
  }, {
    "name" : "host",
    "value" : "Yiron.local"
  }, {
    "name" : "thread",
    "value" : "86675-MainThread"
  }, {
    "name" : "framework",
    "value" : "pytest"
  }, {
    "name" : "language",
    "value" : "cpython3"
  }, {
    "name" : "package",
    "value" : "testcase.test_paracases"
  }, {
    "name" : "resultFormat",
    "value" : "allure2"
  } ],
  "parameters" : [ {
    "name" : "a",
    "value" : "1"
  }, {
    "name" : "b",
    "value" : "2"
  }, {
    "name" : "c",
    "value" : "3.1"
  } ],
  "links" : [ ],
  "hidden" : true,
  "retry" : true,
  "extra" : {
    "categories" : [ ],
    "tags" : [ ]
  },
  "source" : "e5d019ebfcb25d57.json",
  "parameterValues" : [ "1", "2", "3.1" ]
}