{"name": "test_myadd[int]", "status": "failed", "statusDetails": {"message": "AssertionError: assert 3.1 == (1 + 2)", "trace": "self = <mypytest.testcase.test_paracases.TestParacases object at 0x1047c9ee0>, a = 1, b = 2, c = 3.1\n\n    @pytest.mark.parametrize(('a,b,c'),[\n        (1,2,3.1),\n        (4.3,5.3,9.6),\n        (-2,-4,-6)\n    ],ids=['int','float','minus'])\n    def test_myadd(self,a,b,c):\n>       assert c == a+b\nE       assert 3.1 == (1 + 2)\n\ntest_paracases.py:20: AssertionError"}, "attachments": [{"name": "stdout", "source": "a6719d9b-b601-4bec-9104-752e386438b3-attachment.txt", "type": "text/plain"}], "parameters": [{"name": "a", "value": "1"}, {"name": "b", "value": "2"}, {"name": "c", "value": "3.1"}], "start": 1603088064462, "stop": 1603088064463, "uuid": "d9c787b4-1be5-44ee-b5ce-e46d83f32710", "historyId": "e128684ffa761e98887330cdd55aa627", "testCaseId": "8d37b286eee90c7548255996da401fb2", "fullName": "testcase.test_paracases.TestParacases#test_myadd", "labels": [{"name": "parentSuite", "value": "testcase"}, {"name": "suite", "value": "test_paracases"}, {"name": "subSuite", "value": "TestParacases"}, {"name": "host", "value": "Yiron.local"}, {"name": "thread", "value": "88523-MainThread"}, {"name": "framework", "value": "pytest"}, {"name": "language", "value": "cpython3"}, {"name": "package", "value": "testcase.test_paracases"}]}